
2026/06/01 (17:24:29) | ===> btop++ v.1.3.0
2026/06/01 (17:24:29) | ERROR: Exception during Config::unlock() : unordered_map::at

2026/06/01 (17:36:17) | ===> btop++ v.1.3.0
2026/06/01 (17:36:17) | ERROR: Exception during Config::unlock() : unordered_map::at

2026/06/02 (19:21:09) | ===> btop++ v.1.3.0
2026/06/02 (19:21:09) | ERROR: Couldn't determine terminal size of "STDOUT_FILENO"!
2026/06/02 (19:21:09) | ERROR: Couldn't determine terminal size of "/dev/tty"!

2026/06/07 (15:12:24) | ===> btop++ v.1.3.0
2026/06/07 (15:12:25) | ERROR: Stall in Runner thread, restarting!
2026/06/07 (15:12:27) | ERROR: Couldn't determine terminal size of "STDOUT_FILENO"!
2026/06/07 (15:12:28) | ERROR: Couldn't determine terminal size of "/dev/tty"!

2026/06/10 (15:25:10) | ===> btop++ v.1.3.0
2026/06/10 (15:25:10) | ERROR: Stall in Runner thread, restarting!

2026/06/13 (13:39:22) | ===> btop++ v.1.3.0
2026/06/13 (13:39:23) | ERROR: Stall in Runner thread, restarting!

2026/06/15 (15:41:16) | ===> btop++ v.1.3.0
2026/06/15 (15:41:16) | ERROR: Stall in Runner thread, restarting!

2026/06/18 (19:20:36) | ===> btop++ v.1.3.0
2026/06/18 (19:20:36) | ERROR: Stall in Runner thread, restarting!
2026/06/19 (15:22:30) | ERROR: Stall in Runner thread, restarting!
2026/06/19 (18:43:50) | ERROR: Stall in Runner thread, restarting!
2026/06/19 (18:43:50) | WARNING: Error in Mem::collect() : std::future_error: No associated state
2026/06/19 (18:52:24) | ERROR: Couldn't determine terminal size of "STDOUT_FILENO"!
2026/06/19 (18:52:24) | ERROR: Couldn't determine terminal size of "/dev/tty"!
2026/06/19 (18:52:25) | ERROR: Couldn't determine terminal size of "STDOUT_FILENO"!
2026/06/19 (18:52:25) | ERROR: Couldn't determine terminal size of "/dev/tty"!

2026/06/21 (12:20:39) | ===> btop++ v.1.3.0
2026/06/21 (12:20:40) | ERROR: Stall in Runner thread, restarting!
2026/06/21 (12:20:42) | ERROR: Couldn't determine terminal size of "STDOUT_FILENO"!
2026/06/21 (12:20:42) | ERROR: Couldn't determine terminal size of "/dev/tty"!

2026/06/23 (20:33:33) | ===> btop++ v.1.3.0
2026/06/23 (20:33:33) | ERROR: Couldn't determine terminal size of "STDOUT_FILENO"!
2026/06/23 (20:33:34) | ERROR: Couldn't determine terminal size of "/dev/tty"!

2026/06/26 (20:09:06) | ===> btop++ v.1.3.0
2026/06/26 (20:09:06) | ERROR: Stall in Runner thread, restarting!
2026/06/30 (16:18:24) | ERROR: Stall in Runner thread, restarting!
2026/06/30 (16:18:31) | ERROR: Stall in Runner thread, restarting!
2026/06/30 (16:19:32) | ERROR: Stall in Runner thread, restarting!
2026/06/30 (16:19:39) | ERROR: Stall in Runner thread, restarting!
2026/06/30 (16:19:39) | WARNING: Error in Mem::collect() : std::future_error: No associated state

2026/07/01 (18:18:50) | ===> btop++ v.1.3.0
2026/07/01 (18:18:51) | ERROR: Stall in Runner thread, restarting!
2026/07/02 (13:47:03) | ERROR: Stall in Runner thread, restarting!
2026/07/02 (16:09:39) | ERROR: Couldn't determine terminal size of "STDOUT_FILENO"!
2026/07/02 (16:09:41) | ERROR: Couldn't determine terminal size of "/dev/tty"!

2026/07/03 (13:48:20) | ===> btop++ v.1.3.0
2026/07/03 (13:48:21) | ERROR: Stall in Runner thread, restarting!

2026/07/07 (15:41:08) | ===> btop++ v.1.3.0
2026/07/07 (15:41:08) | ERROR: Stall in Runner thread, restarting!

2026/07/08 (14:47:14) | ===> btop++ v.1.3.0
2026/07/08 (14:47:14) | ERROR: Stall in Runner thread, restarting!
2026/07/08 (14:47:16) | WARNING: Error in Mem::collect() : std::future_error: No associated state
2026/07/08 (14:48:00) | ERROR: Stall in Runner thread, restarting!
2026/07/08 (16:20:11) | ERROR: Stall in Runner thread, restarting!
2026/07/08 (17:43:56) | ERROR: Stall in Runner thread, restarting!

2026/07/09 (11:40:10) | ===> btop++ v.1.3.0
2026/07/09 (11:40:10) | ERROR: Stall in Runner thread, restarting!

2026/07/14 (19:56:27) | ===> btop++ v.1.3.0
2026/07/14 (19:56:29) | ERROR: Stall in Runner thread, restarting!
2026/07/15 (13:52:35) | ERROR: Couldn't determine terminal size of "STDOUT_FILENO"!
2026/07/15 (13:52:35) | ERROR: Couldn't determine terminal size of "/dev/tty"!

2026/07/15 (22:14:32) | ===> btop++ v.1.3.0
2026/07/15 (22:14:32) | ERROR: Stall in Runner thread, restarting!

2026/07/16 (12:34:33) | ===> btop++ v.1.3.0
2026/07/16 (12:34:33) | ERROR: Couldn't determine terminal size of "STDOUT_FILENO"!
2026/07/16 (12:34:33) | ERROR: Couldn't determine terminal size of "/dev/tty"!

2026/07/18 (12:01:03) | ===> btop++ v.1.3.0
2026/07/18 (12:01:04) | ERROR: Stall in Runner thread, restarting!
2026/07/18 (12:21:18) | ERROR: Couldn't determine terminal size of "STDOUT_FILENO"!
2026/07/18 (12:21:18) | ERROR: Couldn't determine terminal size of "/dev/tty"!
2026/07/18 (12:21:19) | ERROR: Couldn't determine terminal size of "STDOUT_FILENO"!
2026/07/18 (12:21:19) | ERROR: Couldn't determine terminal size of "/dev/tty"!
2026/07/18 (12:21:20) | ERROR: Couldn't determine terminal size of "STDOUT_FILENO"!
2026/07/18 (12:21:20) | ERROR: Couldn't determine terminal size of "/dev/tty"!
2026/07/18 (12:21:20) | ERROR: Couldn't determine terminal size of "STDOUT_FILENO"!
2026/07/18 (12:21:21) | ERROR: Couldn't determine terminal size of "/dev/tty"!
